app/build/intermediates/manifest_merge_blame_file/release/manifest-merger-blame-release-report.txt
1<?xml version="1.0" encoding="utf-8"?>
2<manifest xmlns:android="http://schemas.android.com/apk/res/android"
3    package="te.app.evidence"
4    android:versionCode="1"
5    android:versionName="1.0" >
6
7    <uses-sdk
8        android:minSdkVersion="23"
8-->src/main/AndroidManifest.xml
9        android:targetSdkVersion="30" />
9-->src/main/AndroidManifest.xml
10
11    <uses-permission android:name="android.permission.READ_PHONE_STATE" />
11-->src/main/AndroidManifest.xml:6:5-75
11-->src/main/AndroidManifest.xml:6:22-72
12    <uses-permission android:name="android.permission.CALL_PHONE" />
12-->src/main/AndroidManifest.xml:7:5-69
12-->src/main/AndroidManifest.xml:7:22-66
13    <uses-permission android:name="android.permission.CAMERA" />
13-->src/main/AndroidManifest.xml:8:5-65
13-->src/main/AndroidManifest.xml:8:22-62
14    <uses-permission android:name="android.permission.READ_EXTERNAL_STORAGE" />
14-->src/main/AndroidManifest.xml:9:5-80
14-->src/main/AndroidManifest.xml:9:22-77
15    <uses-permission android:name="android.permission.WRITE_EXTERNAL_STORAGE" />
15-->src/main/AndroidManifest.xml:10:5-12:40
15-->src/main/AndroidManifest.xml:11:9-65
16    <uses-permission android:name="android.permission.INTERNET" />
16-->src/main/AndroidManifest.xml:13:5-67
16-->src/main/AndroidManifest.xml:13:22-64
17    <uses-permission android:name="android.permission.ACCESS_NETWORK_STATE" />
17-->src/main/AndroidManifest.xml:14:5-79
17-->src/main/AndroidManifest.xml:14:22-76
18
19    <queries>
19-->src/main/AndroidManifest.xml:16:5-18:15
20        <package android:name="te.app.evidence" />
20-->src/main/AndroidManifest.xml:17:9-51
20-->src/main/AndroidManifest.xml:17:18-48
21    </queries>
22
23    <uses-permission android:name="android.permission.WAKE_LOCK" /> <!-- Required by older versions of Google Play services to create IID tokens -->
23-->[com.google.firebase:firebase-messaging:22.0.0] AndroidManifest.xml:23:5-68
23-->[com.google.firebase:firebase-messaging:22.0.0] AndroidManifest.xml:23:22-65
24    <uses-permission android:name="com.google.android.c2dm.permission.RECEIVE" />
24-->[com.google.firebase:firebase-messaging:22.0.0] AndroidManifest.xml:25:5-82
24-->[com.google.firebase:firebase-messaging:22.0.0] AndroidManifest.xml:25:22-79
25    <uses-permission android:name="com.google.android.finsky.permission.BIND_GET_INSTALL_REFERRER_SERVICE" />
25-->[com.google.android.gms:play-services-measurement:19.0.2] AndroidManifest.xml:26:5-110
25-->[com.google.android.gms:play-services-measurement:19.0.2] AndroidManifest.xml:26:22-107
26
27    <application
27-->src/main/AndroidManifest.xml:19:5-76:19
28        android:name="te.app.evidence.base.MyApplication"
28-->src/main/AndroidManifest.xml:20:9-58
29        android:allowBackup="false"
29-->src/main/AndroidManifest.xml:21:9-36
30        android:appComponentFactory="androidx.core.app.CoreComponentFactory"
30-->[androidx.core:core:1.5.0] AndroidManifest.xml:24:18-86
31        android:debuggable="true"
32        android:extractNativeLibs="false"
33        android:hardwareAccelerated="true"
33-->src/main/AndroidManifest.xml:22:9-43
34        android:icon="@mipmap/ic_launcher"
34-->src/main/AndroidManifest.xml:23:9-43
35        android:label="@string/app_name"
35-->src/main/AndroidManifest.xml:24:9-41
36        android:largeHeap="true"
36-->src/main/AndroidManifest.xml:25:9-33
37        android:launchMode="singleTask"
37-->src/main/AndroidManifest.xml:26:9-40
38        android:requestLegacyExternalStorage="true"
38-->src/main/AndroidManifest.xml:27:9-52
39        android:supportsRtl="true"
39-->src/main/AndroidManifest.xml:28:9-35
40        android:theme="@style/AppTheme"
40-->src/main/AndroidManifest.xml:29:9-40
41        android:usesCleartextTraffic="true" >
41-->src/main/AndroidManifest.xml:30:9-44
42        <meta-data
42-->src/main/AndroidManifest.xml:34:9-36:69
43            android:name="com.google.android.gms.version"
43-->src/main/AndroidManifest.xml:35:13-58
44            android:value="@integer/google_play_services_version" />
44-->src/main/AndroidManifest.xml:36:13-66
45        <meta-data
45-->src/main/AndroidManifest.xml:37:9-39:54
46            android:name="com.google.firebase.messaging.default_notification_icon"
46-->src/main/AndroidManifest.xml:38:13-83
47            android:resource="@mipmap/ic_launcher" />
47-->src/main/AndroidManifest.xml:39:13-51
48        <meta-data
48-->src/main/AndroidManifest.xml:40:9-42:54
49            android:name="com.google.firebase.messaging.default_notification_color"
49-->src/main/AndroidManifest.xml:41:13-84
50            android:resource="@color/colorPrimary" />
50-->src/main/AndroidManifest.xml:42:13-51
51        <meta-data
51-->src/main/AndroidManifest.xml:43:9-45:50
52            android:name="com.google.android.geo.API_KEY"
52-->src/main/AndroidManifest.xml:44:13-58
53            android:value="@string/google_map" />
53-->src/main/AndroidManifest.xml:45:13-47
54
55        <activity
55-->src/main/AndroidManifest.xml:47:9-50:70
56            android:name="te.app.evidence.activity.MainActivity"
56-->src/main/AndroidManifest.xml:48:13-65
57            android:configChanges="orientation|keyboardHidden|screenSize"
57-->src/main/AndroidManifest.xml:49:13-74
58            android:windowSoftInputMode="stateHidden|adjustResize" />
58-->src/main/AndroidManifest.xml:50:13-67
59        <activity
59-->src/main/AndroidManifest.xml:51:9-55:70
60            android:name="te.app.evidence.activity.SupportActivity"
60-->src/main/AndroidManifest.xml:52:13-53
61            android:clearTaskOnLaunch="true"
61-->src/main/AndroidManifest.xml:53:13-45
62            android:configChanges="orientation|keyboardHidden|screenSize"
62-->src/main/AndroidManifest.xml:54:13-74
63            android:windowSoftInputMode="stateHidden|adjustResize" />
63-->src/main/AndroidManifest.xml:55:13-67
64        <activity
64-->src/main/AndroidManifest.xml:56:9-66:20
65            android:name="te.app.evidence.activity.BaseActivity"
65-->src/main/AndroidManifest.xml:57:13-65
66            android:configChanges="orientation|keyboardHidden|screenSize"
66-->src/main/AndroidManifest.xml:58:13-74
67            android:windowSoftInputMode="stateHidden|adjustResize" >
67-->src/main/AndroidManifest.xml:59:13-67
68            <intent-filter>
68-->src/main/AndroidManifest.xml:60:13-65:29
69                <action android:name="android.intent.action.MAIN" />
69-->src/main/AndroidManifest.xml:61:17-69
69-->src/main/AndroidManifest.xml:61:25-66
70                <action android:name="android.intent.action.VIEW" />
70-->src/main/AndroidManifest.xml:62:17-69
70-->src/main/AndroidManifest.xml:62:25-66
71
72                <category android:name="android.intent.category.LAUNCHER" />
72-->src/main/AndroidManifest.xml:64:17-77
72-->src/main/AndroidManifest.xml:64:27-74
73            </intent-filter>
74        </activity>
75
76        <service
76-->src/main/AndroidManifest.xml:68:9-75:19
77            android:name="te.app.evidence.base.MyFirebaseMessagingService"
77-->src/main/AndroidManifest.xml:69:13-75
78            android:exported="true" >
78-->src/main/AndroidManifest.xml:70:13-36
79            <intent-filter>
79-->src/main/AndroidManifest.xml:72:13-74:29
80                <action android:name="com.google.firebase.MESSAGING_EVENT" />
80-->src/main/AndroidManifest.xml:73:17-78
80-->src/main/AndroidManifest.xml:73:25-75
81            </intent-filter>
82        </service>
83
84        <meta-data
84-->[com.github.bumptech.glide:okhttp3-integration:4.11.0] AndroidManifest.xml:11:9-13:43
85            android:name="com.bumptech.glide.integration.okhttp3.OkHttpGlideModule"
85-->[com.github.bumptech.glide:okhttp3-integration:4.11.0] AndroidManifest.xml:12:13-84
86            android:value="GlideModule" />
86-->[com.github.bumptech.glide:okhttp3-integration:4.11.0] AndroidManifest.xml:13:13-40
87
88        <receiver
88-->[com.google.firebase:firebase-messaging:22.0.0] AndroidManifest.xml:28:9-35:20
89            android:name="com.google.firebase.iid.FirebaseInstanceIdReceiver"
89-->[com.google.firebase:firebase-messaging:22.0.0] AndroidManifest.xml:29:13-78
90            android:exported="true"
90-->[com.google.firebase:firebase-messaging:22.0.0] AndroidManifest.xml:30:13-36
91            android:permission="com.google.android.c2dm.permission.SEND" >
91-->[com.google.firebase:firebase-messaging:22.0.0] AndroidManifest.xml:31:13-73
92            <intent-filter>
92-->[com.google.firebase:firebase-messaging:22.0.0] AndroidManifest.xml:32:13-34:29
93                <action android:name="com.google.android.c2dm.intent.RECEIVE" />
93-->[com.google.firebase:firebase-messaging:22.0.0] AndroidManifest.xml:33:17-81
93-->[com.google.firebase:firebase-messaging:22.0.0] AndroidManifest.xml:33:25-78
94            </intent-filter>
95        </receiver>
96        <!--
97             FirebaseMessagingService performs security checks at runtime,
98             but set to not exported to explicitly avoid allowing another app to call it.
99        -->
100        <service
100-->[com.google.firebase:firebase-messaging:22.0.0] AndroidManifest.xml:41:9-48:19
101            android:name="com.google.firebase.messaging.FirebaseMessagingService"
101-->[com.google.firebase:firebase-messaging:22.0.0] AndroidManifest.xml:42:13-82
102            android:directBootAware="true"
102-->[com.google.firebase:firebase-messaging:22.0.0] AndroidManifest.xml:43:13-43
103            android:exported="false" >
103-->[com.google.firebase:firebase-messaging:22.0.0] AndroidManifest.xml:44:13-37
104            <intent-filter android:priority="-500" >
104-->src/main/AndroidManifest.xml:72:13-74:29
105                <action android:name="com.google.firebase.MESSAGING_EVENT" />
105-->src/main/AndroidManifest.xml:73:17-78
105-->src/main/AndroidManifest.xml:73:25-75
106            </intent-filter>
107        </service>
108        <service
108-->[com.google.firebase:firebase-messaging:22.0.0] AndroidManifest.xml:49:9-55:19
109            android:name="com.google.firebase.components.ComponentDiscoveryService"
109-->[com.google.firebase:firebase-messaging:22.0.0] AndroidManifest.xml:50:13-84
110            android:directBootAware="true"
110-->[com.google.firebase:firebase-common:20.0.0] AndroidManifest.xml:35:13-43
111            android:exported="false" >
111-->[com.google.firebase:firebase-messaging:22.0.0] AndroidManifest.xml:51:13-37
112            <meta-data
112-->[com.google.firebase:firebase-messaging:22.0.0] AndroidManifest.xml:52:13-54:85
113                android:name="com.google.firebase.components:com.google.firebase.messaging.FirebaseMessagingRegistrar"
113-->[com.google.firebase:firebase-messaging:22.0.0] AndroidManifest.xml:53:17-119
114                android:value="com.google.firebase.components.ComponentRegistrar" />
114-->[com.google.firebase:firebase-messaging:22.0.0] AndroidManifest.xml:54:17-82
115            <meta-data
115-->[com.google.firebase:firebase-datatransport:18.0.0] AndroidManifest.xml:28:13-30:85
116                android:name="com.google.firebase.components:com.google.firebase.datatransport.TransportRegistrar"
116-->[com.google.firebase:firebase-datatransport:18.0.0] AndroidManifest.xml:29:17-115
117                android:value="com.google.firebase.components.ComponentRegistrar" />
117-->[com.google.firebase:firebase-datatransport:18.0.0] AndroidManifest.xml:30:17-82
118            <meta-data
118-->[com.google.android.gms:play-services-measurement-api:19.0.2] AndroidManifest.xml:30:13-32:85
119                android:name="com.google.firebase.components:com.google.firebase.analytics.connector.internal.AnalyticsConnectorRegistrar"
119-->[com.google.android.gms:play-services-measurement-api:19.0.2] AndroidManifest.xml:31:17-139
120                android:value="com.google.firebase.components.ComponentRegistrar" />
120-->[com.google.android.gms:play-services-measurement-api:19.0.2] AndroidManifest.xml:32:17-82
121            <meta-data
121-->[com.google.firebase:firebase-installations:17.0.0] AndroidManifest.xml:18:13-20:85
122                android:name="com.google.firebase.components:com.google.firebase.installations.FirebaseInstallationsRegistrar"
122-->[com.google.firebase:firebase-installations:17.0.0] AndroidManifest.xml:19:17-127
123                android:value="com.google.firebase.components.ComponentRegistrar" />
123-->[com.google.firebase:firebase-installations:17.0.0] AndroidManifest.xml:20:17-82
124        </service>
125
126        <receiver
126-->[com.google.android.gms:play-services-measurement:19.0.2] AndroidManifest.xml:29:9-33:20
127            android:name="com.google.android.gms.measurement.AppMeasurementReceiver"
127-->[com.google.android.gms:play-services-measurement:19.0.2] AndroidManifest.xml:30:13-85
128            android:enabled="true"
128-->[com.google.android.gms:play-services-measurement:19.0.2] AndroidManifest.xml:31:13-35
129            android:exported="false" >
129-->[com.google.android.gms:play-services-measurement:19.0.2] AndroidManifest.xml:32:13-37
130        </receiver>
131
132        <service
132-->[com.google.android.gms:play-services-measurement:19.0.2] AndroidManifest.xml:35:9-38:40
133            android:name="com.google.android.gms.measurement.AppMeasurementService"
133-->[com.google.android.gms:play-services-measurement:19.0.2] AndroidManifest.xml:36:13-84
134            android:enabled="true"
134-->[com.google.android.gms:play-services-measurement:19.0.2] AndroidManifest.xml:37:13-35
135            android:exported="false" />
135-->[com.google.android.gms:play-services-measurement:19.0.2] AndroidManifest.xml:38:13-37
136        <service
136-->[com.google.android.gms:play-services-measurement:19.0.2] AndroidManifest.xml:39:9-43:72
137            android:name="com.google.android.gms.measurement.AppMeasurementJobService"
137-->[com.google.android.gms:play-services-measurement:19.0.2] AndroidManifest.xml:40:13-87
138            android:enabled="true"
138-->[com.google.android.gms:play-services-measurement:19.0.2] AndroidManifest.xml:41:13-35
139            android:exported="false"
139-->[com.google.android.gms:play-services-measurement:19.0.2] AndroidManifest.xml:42:13-37
140            android:permission="android.permission.BIND_JOB_SERVICE" />
140-->[com.google.android.gms:play-services-measurement:19.0.2] AndroidManifest.xml:43:13-69
141
142        <provider
142-->[com.google.firebase:firebase-common:20.0.0] AndroidManifest.xml:26:9-31:39
143            android:name="com.google.firebase.provider.FirebaseInitProvider"
143-->[com.google.firebase:firebase-common:20.0.0] AndroidManifest.xml:27:13-77
144            android:authorities="te.app.evidence.firebaseinitprovider"
144-->[com.google.firebase:firebase-common:20.0.0] AndroidManifest.xml:28:13-72
145            android:directBootAware="true"
145-->[com.google.firebase:firebase-common:20.0.0] AndroidManifest.xml:29:13-43
146            android:exported="false"
146-->[com.google.firebase:firebase-common:20.0.0] AndroidManifest.xml:30:13-37
147            android:initOrder="100" />
147-->[com.google.firebase:firebase-common:20.0.0] AndroidManifest.xml:31:13-36
148        <provider
148-->[com.squareup.picasso:picasso:2.71828] AndroidManifest.xml:8:9-11:40
149            android:name="com.squareup.picasso.PicassoProvider"
149-->[com.squareup.picasso:picasso:2.71828] AndroidManifest.xml:9:13-64
150            android:authorities="te.app.evidence.com.squareup.picasso"
150-->[com.squareup.picasso:picasso:2.71828] AndroidManifest.xml:10:13-72
151            android:exported="false" />
151-->[com.squareup.picasso:picasso:2.71828] AndroidManifest.xml:11:13-37
152        <provider
152-->[androidx.lifecycle:lifecycle-process:2.2.0] AndroidManifest.xml:25:9-29:43
153            android:name="androidx.lifecycle.ProcessLifecycleOwnerInitializer"
153-->[androidx.lifecycle:lifecycle-process:2.2.0] AndroidManifest.xml:26:13-79
154            android:authorities="te.app.evidence.lifecycle-process"
154-->[androidx.lifecycle:lifecycle-process:2.2.0] AndroidManifest.xml:27:13-69
155            android:exported="false"
155-->[androidx.lifecycle:lifecycle-process:2.2.0] AndroidManifest.xml:28:13-37
156            android:multiprocess="true" />
156-->[androidx.lifecycle:lifecycle-process:2.2.0] AndroidManifest.xml:29:13-40
157
158        <service
158-->[com.google.android.datatransport:transport-backend-cct:3.0.0] AndroidManifest.xml:29:9-35:19
159            android:name="com.google.android.datatransport.runtime.backends.TransportBackendDiscovery"
159-->[com.google.android.datatransport:transport-backend-cct:3.0.0] AndroidManifest.xml:30:13-103
160            android:exported="false" >
160-->[com.google.android.datatransport:transport-backend-cct:3.0.0] AndroidManifest.xml:31:13-37
161            <meta-data
161-->[com.google.android.datatransport:transport-backend-cct:3.0.0] AndroidManifest.xml:32:13-34:39
162                android:name="backend:com.google.android.datatransport.cct.CctBackendFactory"
162-->[com.google.android.datatransport:transport-backend-cct:3.0.0] AndroidManifest.xml:33:17-94
163                android:value="cct" />
163-->[com.google.android.datatransport:transport-backend-cct:3.0.0] AndroidManifest.xml:34:17-36
164        </service>
165        <service
165-->[com.google.android.datatransport:transport-runtime:3.0.0] AndroidManifest.xml:26:9-30:19
166            android:name="com.google.android.datatransport.runtime.scheduling.jobscheduling.JobInfoSchedulerService"
166-->[com.google.android.datatransport:transport-runtime:3.0.0] AndroidManifest.xml:27:13-117
167            android:exported="false"
167-->[com.google.android.datatransport:transport-runtime:3.0.0] AndroidManifest.xml:28:13-37
168            android:permission="android.permission.BIND_JOB_SERVICE" >
168-->[com.google.android.datatransport:transport-runtime:3.0.0] AndroidManifest.xml:29:13-69
169        </service>
170
171        <receiver
171-->[com.google.android.datatransport:transport-runtime:3.0.0] AndroidManifest.xml:32:9-34:40
172            android:name="com.google.android.datatransport.runtime.scheduling.jobscheduling.AlarmManagerSchedulerBroadcastReceiver"
172-->[com.google.android.datatransport:transport-runtime:3.0.0] AndroidManifest.xml:33:13-132
173            android:exported="false" />
173-->[com.google.android.datatransport:transport-runtime:3.0.0] AndroidManifest.xml:34:13-37
174    </application>
175
176</manifest>